{"type":"thread.started","thread_id":"019b7b40-4ded-7cb2-90e2-a42ed643f363"}
{"type":"turn.started"}
{"type":"item.completed","item":{"id":"item_0","type":"reasoning","text":"**Preparing audit setup and environment checks**"}}
{"type":"item.started","item":{"id":"item_1","type":"command_execution","command":"/bin/bash -lc 'git rev-parse --is-inside-work-tree'","aggregated_output":"","exit_code":null,"status":"in_progress"}}
{"type":"item.completed","item":{"id":"item_1","type":"command_execution","command":"/bin/bash -lc 'git rev-parse --is-inside-work-tree'","aggregated_output":"true\r\n","exit_code":0,"status":"completed"}}
{"type":"item.started","item":{"id":"item_2","type":"command_execution","command":"/bin/bash -lc 'date \"+%Y-%m-%d %H:%M\"'","aggregated_output":"","exit_code":null,"status":"in_progress"}}
{"type":"item.completed","item":{"id":"item_2","type":"command_execution","command":"/bin/bash -lc 'date \"+%Y-%m-%d %H:%M\"'","aggregated_output":"2026-01-01 15:29\r\n","exit_code":0,"status":"completed"}}
{"type":"item.completed","item":{"id":"item_3","type":"reasoning","text":"**Preparing to create directory**"}}
{"type":"item.started","item":{"id":"item_4","type":"command_execution","command":"/bin/bash -lc 'mkdir -p .autonomous/audit'","aggregated_output":"","exit_code":null,"status":"in_progress"}}
{"type":"item.completed","item":{"id":"item_4","type":"command_execution","command":"/bin/bash -lc 'mkdir -p .autonomous/audit'","aggregated_output":"","exit_code":0,"status":"completed"}}
{"type":"item.completed","item":{"id":"item_5","type":"reasoning","text":"**Creating detailed audit task list**"}}
{"type":"item.completed","item":{"id":"item_6","type":"file_change","changes":[{"path":"/mnt/c/Users/User/Documents/GitHub/VibeDev/.autonomous/audit/task_list.md","kind":"add"}],"status":"completed"}}
{"type":"item.completed","item":{"id":"item_7","type":"reasoning","text":"**Opening progress.md**"}}
{"type":"item.completed","item":{"id":"item_8","type":"file_change","changes":[{"path":"/mnt/c/Users/User/Documents/GitHub/VibeDev/.autonomous/audit/progress.md","kind":"add"}],"status":"completed"}}
{"type":"item.completed","item":{"id":"item_9","type":"reasoning","text":"**Preparing to commit changes**"}}
{"type":"item.started","item":{"id":"item_10","type":"command_execution","command":"/bin/bash -lc 'git add .autonomous/audit/task_list.md .autonomous/audit/progress.md'","aggregated_output":"","exit_code":null,"status":"in_progress"}}
{"type":"item.completed","item":{"id":"item_10","type":"command_execution","command":"/bin/bash -lc 'git add .autonomous/audit/task_list.md .autonomous/audit/progress.md'","aggregated_output":"","exit_code":0,"status":"completed"}}
{"type":"item.completed","item":{"id":"item_11","type":"reasoning","text":"**Checking command output**"}}
{"type":"item.completed","item":{"id":"item_12","type":"reasoning","text":"**Committing changes to git**"}}
{"type":"item.started","item":{"id":"item_13","type":"command_execution","command":"/bin/bash -lc 'git commit -m \"Initialize autonomous task: audit\" -m \"- Created task_list.md with 20 sub-tasks\n- Set up progress tracking in .autonomous/audit/\n- Ready for execution sessions\"'","aggregated_output":"","exit_code":null,"status":"in_progress"}}
{"type":"item.completed","item":{"id":"item_14","type":"reasoning","text":"**Preparing output**"}}
{"type":"item.completed","item":{"id":"item_15","type":"reasoning","text":"**Waiting for process completion**"}}
